e:\cmp301_coursework-1904516\coursework\coursework\x64\debug\vc142.pdb
e:\cmp301_coursework-1904516\coursework\coursework\x64\debug\vc142.idb
e:\cmp301_coursework-1904516\coursework\coursework\x64\debug\waveshader.obj
e:\cmp301_coursework-1904516\coursework\coursework\x64\debug\wavedepth.obj
e:\cmp301_coursework-1904516\coursework\coursework\x64\debug\textureshader.obj
e:\cmp301_coursework-1904516\coursework\coursework\x64\debug\shadowshader.obj
e:\cmp301_coursework-1904516\coursework\coursework\x64\debug\main.obj
e:\cmp301_coursework-1904516\coursework\coursework\x64\debug\heightshader.obj
e:\cmp301_coursework-1904516\coursework\coursework\x64\debug\heightdepth.obj
e:\cmp301_coursework-1904516\coursework\coursework\x64\debug\depthshader.obj
e:\cmp301_coursework-1904516\coursework\coursework\x64\debug\blurversshader.obj
e:\cmp301_coursework-1904516\coursework\coursework\x64\debug\blurhoorshader.obj
e:\cmp301_coursework-1904516\coursework\coursework\x64\debug\app1.obj
e:\cmp301_coursework-1904516\coursework\coursework\x64\debug\watershader.obj
e:\cmp301_coursework-1904516\coursework\coursework\x64\debug\manipwater.obj
e:\cmp301_coursework-1904516\coursework\coursework\x64\debug\hshader.obj
e:\cmp301_coursework-1904516\coursework\coursework\x64\debug\hmanip.obj
e:\cmp301_coursework-1904516\coursework\coursework\x64\debug\verticalblurshader.obj
e:\cmp301_coursework-1904516\coursework\coursework\x64\debug\horizontalblurshader.obj
e:\cmp301_coursework-1904516\coursework\coursework\x64\debug\verticalbloomshader.obj
e:\cmp301_coursework-1904516\coursework\coursework\x64\debug\horizontalbloomshader.obj
e:\cmp301_coursework-1904516\coursework\coursework\depth_ps.cso
e:\cmp301_coursework-1904516\coursework\coursework\depth_vs.cso
e:\cmp301_coursework-1904516\coursework\coursework\shadow_ps.cso
e:\cmp301_coursework-1904516\coursework\coursework\texture_ps.cso
e:\cmp301_coursework-1904516\coursework\coursework\texture_vs.cso
e:\cmp301_coursework-1904516\coursework\coursework\shadow_vs.cso
e:\cmp301_coursework-1904516\coursework\coursework\horizontalblur_vs.cso
e:\cmp301_coursework-1904516\coursework\coursework\verticalblur_vs.cso
e:\cmp301_coursework-1904516\coursework\coursework\height_ps.cso
e:\cmp301_coursework-1904516\coursework\coursework\height_vs.cso
e:\cmp301_coursework-1904516\coursework\coursework\maniph_ps.cso
e:\cmp301_coursework-1904516\coursework\coursework\maniph_vs.cso
e:\cmp301_coursework-1904516\coursework\coursework\watermanip_ps.cso
e:\cmp301_coursework-1904516\coursework\coursework\watermanip_vs.cso
e:\cmp301_coursework-1904516\coursework\coursework\water_ps.cso
e:\cmp301_coursework-1904516\coursework\coursework\water_vs.cso
e:\cmp301_coursework-1904516\coursework\coursework\horizontalblur_ps.cso
e:\cmp301_coursework-1904516\coursework\coursework\verticalblur_ps.cso
e:\cmp301_coursework-1904516\coursework\coursework\horizontalbloom_ps.cso
e:\cmp301_coursework-1904516\coursework\coursework\verticalbloom_ps.cso
e:\cmp301_coursework-1904516\coursework\coursework\horizontalbloom_vs.cso
e:\cmp301_coursework-1904516\coursework\coursework\verticalbloom_vs.cso
e:\cmp301_coursework-1904516\coursework\x64\debug\coursework.exe
e:\cmp301_coursework-1904516\coursework\coursework\x64\debug\coursework.ilk
e:\cmp301_coursework-1904516\coursework\x64\debug\coursework.pdb
e:\cmp301_coursework-1904516\coursework\coursework\x64\debug\coursework.tlog\cl.command.1.tlog
e:\cmp301_coursework-1904516\coursework\coursework\x64\debug\coursework.tlog\cl.read.1.tlog
e:\cmp301_coursework-1904516\coursework\coursework\x64\debug\coursework.tlog\cl.write.1.tlog
e:\cmp301_coursework-1904516\coursework\coursework\x64\debug\coursework.tlog\fxc.command.1.tlog
e:\cmp301_coursework-1904516\coursework\coursework\x64\debug\coursework.tlog\fxc.read.1.tlog
e:\cmp301_coursework-1904516\coursework\coursework\x64\debug\coursework.tlog\fxc.write.1.tlog
e:\cmp301_coursework-1904516\coursework\coursework\x64\debug\coursework.tlog\link.command.1.tlog
e:\cmp301_coursework-1904516\coursework\coursework\x64\debug\coursework.tlog\link.read.1.tlog
e:\cmp301_coursework-1904516\coursework\coursework\x64\debug\coursework.tlog\link.write.1.tlog
