e:\cmp301_coursework-1904516\coursework\lib\debug\dxframework.pdb
e:\cmp301_coursework-1904516\coursework\lib\debug\dxframework.idb
e:\cmp301_coursework-1904516\coursework\dxframework\x64\debug\quadmesh.obj
e:\cmp301_coursework-1904516\coursework\dxframework\x64\debug\pointmesh.obj
e:\cmp301_coursework-1904516\coursework\dxframework\x64\debug\planemesh.obj
e:\cmp301_coursework-1904516\coursework\dxframework\x64\debug\orthomesh.obj
e:\cmp301_coursework-1904516\coursework\dxframework\x64\debug\model.obj
e:\cmp301_coursework-1904516\coursework\dxframework\x64\debug\light.obj
e:\cmp301_coursework-1904516\coursework\dxframework\x64\debug\input.obj
e:\cmp301_coursework-1904516\coursework\dxframework\x64\debug\imgui_impl_win32.obj
e:\cmp301_coursework-1904516\coursework\dxframework\x64\debug\imgui_impl_dx11.obj
e:\cmp301_coursework-1904516\coursework\dxframework\x64\debug\imgui_draw.obj
e:\cmp301_coursework-1904516\coursework\dxframework\x64\debug\imgui_demo.obj
e:\cmp301_coursework-1904516\coursework\dxframework\x64\debug\imgui.obj
e:\cmp301_coursework-1904516\coursework\dxframework\x64\debug\fpcamera.obj
e:\cmp301_coursework-1904516\coursework\dxframework\x64\debug\d3d.obj
e:\cmp301_coursework-1904516\coursework\dxframework\x64\debug\cubemesh.obj
e:\cmp301_coursework-1904516\coursework\dxframework\x64\debug\camera.obj
e:\cmp301_coursework-1904516\coursework\dxframework\x64\debug\baseshader.obj
e:\cmp301_coursework-1904516\coursework\dxframework\x64\debug\basemesh.obj
e:\cmp301_coursework-1904516\coursework\dxframework\x64\debug\baseapplication.obj
e:\cmp301_coursework-1904516\coursework\dxframework\x64\debug\amodel.obj
e:\cmp301_coursework-1904516\coursework\dxframework\x64\debug\trianglemesh.obj
e:\cmp301_coursework-1904516\coursework\dxframework\x64\debug\tokenstream.obj
e:\cmp301_coursework-1904516\coursework\dxframework\x64\debug\timer.obj
e:\cmp301_coursework-1904516\coursework\dxframework\x64\debug\texturemanager.obj
e:\cmp301_coursework-1904516\coursework\dxframework\x64\debug\tessellationmesh.obj
e:\cmp301_coursework-1904516\coursework\dxframework\x64\debug\system.obj
e:\cmp301_coursework-1904516\coursework\dxframework\x64\debug\spheremesh.obj
e:\cmp301_coursework-1904516\coursework\dxframework\x64\debug\shadowmap.obj
e:\cmp301_coursework-1904516\coursework\dxframework\x64\debug\rendertexture.obj
e:\cmp301_coursework-1904516\coursework\lib\debug\dxframework.lib
e:\cmp301_coursework-1904516\coursework\dxframework\x64\debug\dxframework.tlog\cl.command.1.tlog
e:\cmp301_coursework-1904516\coursework\dxframework\x64\debug\dxframework.tlog\cl.read.1.tlog
e:\cmp301_coursework-1904516\coursework\dxframework\x64\debug\dxframework.tlog\cl.write.1.tlog
e:\cmp301_coursework-1904516\coursework\dxframework\x64\debug\dxframework.tlog\lib-link.read.1.tlog
e:\cmp301_coursework-1904516\coursework\dxframework\x64\debug\dxframework.tlog\lib-link.write.1.tlog
e:\cmp301_coursework-1904516\coursework\dxframework\x64\debug\dxframework.tlog\lib.command.1.tlog
